<?xml version="1.0" encoding="utf-8"?>
<CoverageSession>
  <Summary numSequencePoints="226" visitedSequencePoints="108" numBranchPoints="20" visitedBranchPoints="12" sequenceCoverage="47.78" branchCoverage="60" maxCyclomaticComplexity="39" minCyclomaticComplexity="39" visitedClasses="9" numClasses="16" visitedMethods="14" numMethods="24" />
  <Modules>
    <Module hash="923D507A-70E2-4FEE-B149-30CA5B21B1A2">
      <ModulePath>FinalProject.dll</ModulePath>
      <ModuleTime>2022-08-15T07:21:42</ModuleTime>
      <ModuleName>FinalProject</ModuleName>
      <Files>
        <File uid="1" fullPath="C:\Users\User\.nuget\packages\microsoft.net.test.sdk\17.3.0\build\netcoreapp2.1\Microsoft.NET.Test.Sdk.Program.cs" />
        <File uid="2" fullPath="C:\Users\User\Desktop\Backend\FinalProject\Program.cs" />
        <File uid="3" fullPath="C:\Users\User\Desktop\Backend\FinalProject\Startup.cs" />
        <File uid="4" fullPath="C:\Users\User\Desktop\Backend\FinalProject\DTOs\StatusDTO.cs" />
        <File uid="5" fullPath="C:\Users\User\Desktop\Backend\FinalProject\DTOs\UserOperationDTO.cs" />
        <File uid="6" fullPath="C:\Users\User\Desktop\Backend\FinalProject\DAL\AppDbContext.cs" />
        <File uid="7" fullPath="C:\Users\User\Desktop\Backend\FinalProject\DAL\Entities\User.cs" />
        <File uid="8" fullPath="C:\Users\User\Desktop\Backend\FinalProject\Controllers\SqlConnectionHealthCheck.cs" />
        <File uid="9" fullPath="C:\Users\User\Desktop\Backend\FinalProject\Controllers\UserController.cs" />
      </Files>
      <Classes>
        <Class>
          <Summary numSequencePoints="1" visitedSequencePoints="0" numBranchPoints="0" visitedBranchPoints="0" sequenceCoverage="0" branchCoverage="100" maxCyclomaticComplexity="1" minCyclomaticComplexity="1" visitedClasses="0" numClasses="1" visitedMethods="0" numMethods="1" />
          <FullName>AutoGeneratedProgram</FullName>
          <Methods>
            <Method cyclomaticComplexity="1" nPathComplexity="1" sequenceCoverage="0" branchCoverage="100" isConstructor="False" isGetter="False" isSetter="False" isStatic="True">
              <Summary numSequencePoints="1" visitedSequencePoints="0" numBranchPoints="0" visitedBranchPoints="0" sequenceCoverage="0" branchCoverage="100" maxCyclomaticComplexity="1" minCyclomaticComplexity="1" visitedClasses="0" numClasses="0" visitedMethods="0" numMethods="1" />
              <MetadataToken />
              <Name>System.Void AutoGeneratedProgram::Main(System.String[])</Name>
              <FileRef uid="1" />
              <SequencePoints>
                <SequencePoint vc="0" uspid="4" ordinal="0" sl="4" sc="1" el="4" ec="2" bec="0" bev="0" fileid="1" />
              </SequencePoints>
              <BranchPoints />
              <MethodPoint vc="0" uspid="0" p8:type="SequencePoint" ordinal="0" offset="0" sc="0" sl="4" ec="1" el="4" bec="0" bev="0" fileid="1" xmlns:p8="xsi" />
            </Method>
          </Methods>
        </Class>
        <Class>
          <Summary numSequencePoints="8" visitedSequencePoints="0" numBranchPoints="0" visitedBranchPoints="0" sequenceCoverage="0" branchCoverage="100" maxCyclomaticComplexity="1" minCyclomaticComplexity="1" visitedClasses="0" numClasses="1" visitedMethods="0" numMethods="2" />
          <FullName>FinalProject.Program</FullName>
          <Methods>
            <Method cyclomaticComplexity="1" nPathComplexity="1" sequenceCoverage="0" branchCoverage="100" isConstructor="False" isGetter="False" isSetter="False" isStatic="True">
              <Summary numSequencePoints="3" visitedSequencePoints="0" numBranchPoints="0" visitedBranchPoints="0" sequenceCoverage="0" branchCoverage="100" maxCyclomaticComplexity="1" minCyclomaticComplexity="1" visitedClasses="0" numClasses="0" visitedMethods="0" numMethods="1" />
              <MetadataToken />
              <Name>System.Void FinalProject.Program::Main(System.String[])</Name>
              <FileRef uid="2" />
              <SequencePoints>
                <SequencePoint vc="0" uspid="15" ordinal="0" sl="15" sc="1" el="15" ec="2" bec="0" bev="0" fileid="2" />
                <SequencePoint vc="0" uspid="16" ordinal="1" sl="16" sc="1" el="16" ec="2" bec="0" bev="0" fileid="2" />
                <SequencePoint vc="0" uspid="17" ordinal="2" sl="17" sc="1" el="17" ec="2" bec="0" bev="0" fileid="2" />
              </SequencePoints>
              <BranchPoints />
              <MethodPoint vc="0" uspid="0" p8:type="SequencePoint" ordinal="0" offset="0" sc="0" sl="15" ec="1" el="17" bec="0" bev="0" fileid="2" xmlns:p8="xsi" />
            </Method>
            <Method cyclomaticComplexity="1" nPathComplexity="1" sequenceCoverage="0" branchCoverage="100" isConstructor="False" isGetter="False" isSetter="False" isStatic="True">
              <Summary numSequencePoints="5" visitedSequencePoints="0" numBranchPoints="0" visitedBranchPoints="0" sequenceCoverage="0" branchCoverage="100" maxCyclomaticComplexity="1" minCyclomaticComplexity="1" visitedClasses="0" numClasses="0" visitedMethods="0" numMethods="1" />
              <MetadataToken />
              <Name>Microsoft.Extensions.Hosting.IHostBuilder FinalProject.Program::CreateHostBuilder(System.String[])</Name>
              <FileRef uid="2" />
              <SequencePoints>
                <SequencePoint vc="0" uspid="20" ordinal="0" sl="20" sc="1" el="20" ec="2" bec="0" bev="0" fileid="2" />
                <SequencePoint vc="0" uspid="21" ordinal="1" sl="21" sc="1" el="21" ec="2" bec="0" bev="0" fileid="2" />
                <SequencePoint vc="0" uspid="22" ordinal="2" sl="22" sc="1" el="22" ec="2" bec="0" bev="0" fileid="2" />
                <SequencePoint vc="0" uspid="23" ordinal="3" sl="23" sc="1" el="23" ec="2" bec="0" bev="0" fileid="2" />
                <SequencePoint vc="0" uspid="24" ordinal="4" sl="24" sc="1" el="24" ec="2" bec="0" bev="0" fileid="2" />
              </SequencePoints>
              <BranchPoints />
              <MethodPoint vc="0" uspid="0" p8:type="SequencePoint" ordinal="1" offset="1" sc="0" sl="20" ec="1" el="24" bec="0" bev="0" fileid="2" xmlns:p8="xsi" />
            </Method>
          </Methods>
        </Class>
        <Class>
          <Summary numSequencePoints="54" visitedSequencePoints="0" numBranchPoints="2" visitedBranchPoints="0" sequenceCoverage="0" branchCoverage="0" maxCyclomaticComplexity="2" minCyclomaticComplexity="1" visitedClasses="0" numClasses="1" visitedMethods="0" numMethods="4" />
          <FullName>FinalProject.Startup</FullName>
          <Methods>
            <Method cyclomaticComplexity="1" nPathComplexity="1" sequenceCoverage="0" branchCoverage="100" isConstructor="False" isGetter="True" isSetter="False" isStatic="True">
              <Summary numSequencePoints="1" visitedSequencePoints="0" numBranchPoints="0" visitedBranchPoints="0" sequenceCoverage="0" branchCoverage="100" maxCyclomaticComplexity="1" minCyclomaticComplexity="1" visitedClasses="0" numClasses="0" visitedMethods="0" numMethods="1" />
              <MetadataToken />
              <Name>Microsoft.Extensions.Configuration.IConfiguration FinalProject.Startup::get_Configuration()</Name>
              <FileRef uid="3" />
              <SequencePoints>
                <SequencePoint vc="0" uspid="31" ordinal="0" sl="31" sc="1" el="31" ec="2" bec="0" bev="0" fileid="3" />
              </SequencePoints>
              <BranchPoints />
              <MethodPoint vc="0" uspid="0" p8:type="SequencePoint" ordinal="0" offset="0" sc="0" sl="31" ec="1" el="31" bec="0" bev="0" fileid="3" xmlns:p8="xsi" />
            </Method>
            <Method cyclomaticComplexity="1" nPathComplexity="1" sequenceCoverage="0" branchCoverage="100" isConstructor="False" isGetter="False" isSetter="False" isStatic="True">
              <Summary numSequencePoints="18" visitedSequencePoints="0" numBranchPoints="0" visitedBranchPoints="0" sequenceCoverage="0" branchCoverage="100" maxCyclomaticComplexity="1" minCyclomaticComplexity="1" visitedClasses="0" numClasses="0" visitedMethods="0" numMethods="1" />
              <MetadataToken />
              <Name>System.Void FinalProject.Startup::ConfigureServices(Microsoft.Extensions.DependencyInjection.IServiceCollection)</Name>
              <FileRef uid="3" />
              <SequencePoints>
                <SequencePoint vc="0" uspid="35" ordinal="0" sl="35" sc="1" el="35" ec="2" bec="0" bev="0" fileid="3" />
                <SequencePoint vc="0" uspid="36" ordinal="1" sl="36" sc="1" el="36" ec="2" bec="0" bev="0" fileid="3" />
                <SequencePoint vc="0" uspid="37" ordinal="2" sl="37" sc="1" el="37" ec="2" bec="0" bev="0" fileid="3" />
                <SequencePoint vc="0" uspid="39" ordinal="3" sl="39" sc="1" el="39" ec="2" bec="0" bev="0" fileid="3" />
                <SequencePoint vc="0" uspid="40" ordinal="4" sl="40" sc="1" el="40" ec="2" bec="0" bev="0" fileid="3" />
                <SequencePoint vc="0" uspid="41" ordinal="5" sl="41" sc="1" el="41" ec="2" bec="0" bev="0" fileid="3" />
                <SequencePoint vc="0" uspid="42" ordinal="6" sl="42" sc="1" el="42" ec="2" bec="0" bev="0" fileid="3" />
                <SequencePoint vc="0" uspid="45" ordinal="7" sl="45" sc="1" el="45" ec="2" bec="0" bev="0" fileid="3" />
                <SequencePoint vc="0" uspid="46" ordinal="8" sl="46" sc="1" el="46" ec="2" bec="0" bev="0" fileid="3" />
                <SequencePoint vc="0" uspid="47" ordinal="9" sl="47" sc="1" el="47" ec="2" bec="0" bev="0" fileid="3" />
                <SequencePoint vc="0" uspid="48" ordinal="10" sl="48" sc="1" el="48" ec="2" bec="0" bev="0" fileid="3" />
                <SequencePoint vc="0" uspid="49" ordinal="11" sl="49" sc="1" el="49" ec="2" bec="0" bev="0" fileid="3" />
                <SequencePoint vc="0" uspid="50" ordinal="12" sl="50" sc="1" el="50" ec="2" bec="0" bev="0" fileid="3" />
                <SequencePoint vc="0" uspid="51" ordinal="13" sl="51" sc="1" el="51" ec="2" bec="0" bev="0" fileid="3" />
                <SequencePoint vc="0" uspid="52" ordinal="14" sl="52" sc="1" el="52" ec="2" bec="0" bev="0" fileid="3" />
                <SequencePoint vc="0" uspid="53" ordinal="15" sl="53" sc="1" el="53" ec="2" bec="0" bev="0" fileid="3" />
                <SequencePoint vc="0" uspid="54" ordinal="16" sl="54" sc="1" el="54" ec="2" bec="0" bev="0" fileid="3" />
                <SequencePoint vc="0" uspid="55" ordinal="17" sl="55" sc="1" el="55" ec="2" bec="0" bev="0" fileid="3" />
              </SequencePoints>
              <BranchPoints />
              <MethodPoint vc="0" uspid="0" p8:type="SequencePoint" ordinal="1" offset="1" sc="0" sl="35" ec="1" el="55" bec="0" bev="0" fileid="3" xmlns:p8="xsi" />
            </Method>
            <Method cyclomaticComplexity="2" nPathComplexity="2" sequenceCoverage="0" branchCoverage="0" isConstructor="False" isGetter="False" isSetter="False" isStatic="True">
              <Summary numSequencePoints="31" visitedSequencePoints="0" numBranchPoints="2" visitedBranchPoints="0" sequenceCoverage="0" branchCoverage="0" maxCyclomaticComplexity="2" minCyclomaticComplexity="2" visitedClasses="0" numClasses="0" visitedMethods="0" numMethods="1" />
              <MetadataToken />
              <Name>System.Void FinalProject.Startup::Configure(Microsoft.AspNetCore.Builder.IApplicationBuilder,Microsoft.AspNetCore.Hosting.IWebHostEnvironment)</Name>
              <FileRef uid="3" />
              <SequencePoints>
                <SequencePoint vc="0" uspid="59" ordinal="0" sl="59" sc="1" el="59" ec="2" bec="0" bev="0" fileid="3" />
                <SequencePoint vc="0" uspid="60" ordinal="1" sl="60" sc="1" el="60" ec="2" bec="2" bev="0" fileid="3" />
                <SequencePoint vc="0" uspid="61" ordinal="2" sl="61" sc="1" el="61" ec="2" bec="0" bev="0" fileid="3" />
                <SequencePoint vc="0" uspid="62" ordinal="3" sl="62" sc="1" el="62" ec="2" bec="0" bev="0" fileid="3" />
                <SequencePoint vc="0" uspid="63" ordinal="4" sl="63" sc="1" el="63" ec="2" bec="0" bev="0" fileid="3" />
                <SequencePoint vc="0" uspid="65" ordinal="5" sl="65" sc="1" el="65" ec="2" bec="0" bev="0" fileid="3" />
                <SequencePoint vc="0" uspid="66" ordinal="6" sl="66" sc="1" el="66" ec="2" bec="0" bev="0" fileid="3" />
                <SequencePoint vc="0" uspid="67" ordinal="7" sl="67" sc="1" el="67" ec="2" bec="0" bev="0" fileid="3" />
                <SequencePoint vc="0" uspid="68" ordinal="8" sl="68" sc="1" el="68" ec="2" bec="0" bev="0" fileid="3" />
                <SequencePoint vc="0" uspid="69" ordinal="9" sl="69" sc="1" el="69" ec="2" bec="0" bev="0" fileid="3" />
                <SequencePoint vc="0" uspid="71" ordinal="10" sl="71" sc="1" el="71" ec="2" bec="0" bev="0" fileid="3" />
                <SequencePoint vc="0" uspid="73" ordinal="11" sl="73" sc="1" el="73" ec="2" bec="0" bev="0" fileid="3" />
                <SequencePoint vc="0" uspid="74" ordinal="12" sl="74" sc="1" el="74" ec="2" bec="0" bev="0" fileid="3" />
                <SequencePoint vc="0" uspid="76" ordinal="13" sl="76" sc="1" el="76" ec="2" bec="0" bev="0" fileid="3" />
                <SequencePoint vc="0" uspid="77" ordinal="14" sl="77" sc="1" el="77" ec="2" bec="0" bev="0" fileid="3" />
                <SequencePoint vc="0" uspid="78" ordinal="15" sl="78" sc="1" el="78" ec="2" bec="0" bev="0" fileid="3" />
                <SequencePoint vc="0" uspid="79" ordinal="16" sl="79" sc="1" el="79" ec="2" bec="0" bev="0" fileid="3" />
                <SequencePoint vc="0" uspid="80" ordinal="17" sl="80" sc="1" el="80" ec="2" bec="0" bev="0" fileid="3" />
                <SequencePoint vc="0" uspid="81" ordinal="18" sl="81" sc="1" el="81" ec="2" bec="0" bev="0" fileid="3" />
                <SequencePoint vc="0" uspid="82" ordinal="19" sl="82" sc="1" el="82" ec="2" bec="0" bev="0" fileid="3" />
                <SequencePoint vc="0" uspid="83" ordinal="20" sl="83" sc="1" el="83" ec="2" bec="0" bev="0" fileid="3" />
                <SequencePoint vc="0" uspid="84" ordinal="21" sl="84" sc="1" el="84" ec="2" bec="0" bev="0" fileid="3" />
                <SequencePoint vc="0" uspid="85" ordinal="22" sl="85" sc="1" el="85" ec="2" bec="0" bev="0" fileid="3" />
                <SequencePoint vc="0" uspid="86" ordinal="23" sl="86" sc="1" el="86" ec="2" bec="0" bev="0" fileid="3" />
                <SequencePoint vc="0" uspid="88" ordinal="24" sl="88" sc="1" el="88" ec="2" bec="0" bev="0" fileid="3" />
                <SequencePoint vc="0" uspid="90" ordinal="25" sl="90" sc="1" el="90" ec="2" bec="0" bev="0" fileid="3" />
                <SequencePoint vc="0" uspid="92" ordinal="26" sl="92" sc="1" el="92" ec="2" bec="0" bev="0" fileid="3" />
                <SequencePoint vc="0" uspid="93" ordinal="27" sl="93" sc="1" el="93" ec="2" bec="0" bev="0" fileid="3" />
                <SequencePoint vc="0" uspid="94" ordinal="28" sl="94" sc="1" el="94" ec="2" bec="0" bev="0" fileid="3" />
                <SequencePoint vc="0" uspid="95" ordinal="29" sl="95" sc="1" el="95" ec="2" bec="0" bev="0" fileid="3" />
                <SequencePoint vc="0" uspid="96" ordinal="30" sl="96" sc="1" el="96" ec="2" bec="0" bev="0" fileid="3" />
              </SequencePoints>
              <BranchPoints>
                <BranchPoint vc="0" uspid="60" ordinal="0" path="0" offset="9" offsetend="11" sl="60" fileid="3" />
                <BranchPoint vc="0" uspid="60" ordinal="1" path="1" offset="9" offsetend="20" sl="60" fileid="3" />
              </BranchPoints>
              <MethodPoint vc="0" uspid="0" p8:type="SequencePoint" ordinal="2" offset="2" sc="0" sl="59" ec="1" el="96" bec="0" bev="0" fileid="3" xmlns:p8="xsi" />
            </Method>
            <Method cyclomaticComplexity="1" nPathComplexity="1" sequenceCoverage="0" branchCoverage="100" isConstructor="True" isGetter="False" isSetter="False" isStatic="True">
              <Summary numSequencePoints="4" visitedSequencePoints="0" numBranchPoints="0" visitedBranchPoints="0" sequenceCoverage="0" branchCoverage="100" maxCyclomaticComplexity="1" minCyclomaticComplexity="1" visitedClasses="0" numClasses="0" visitedMethods="0" numMethods="1" />
              <MetadataToken />
              <Name>System.Void FinalProject.Startup::.ctor(Microsoft.Extensions.Configuration.IConfiguration)</Name>
              <FileRef uid="3" />
              <SequencePoints>
                <SequencePoint vc="0" uspid="26" ordinal="0" sl="26" sc="1" el="26" ec="2" bec="0" bev="0" fileid="3" />
                <SequencePoint vc="0" uspid="27" ordinal="1" sl="27" sc="1" el="27" ec="2" bec="0" bev="0" fileid="3" />
                <SequencePoint vc="0" uspid="28" ordinal="2" sl="28" sc="1" el="28" ec="2" bec="0" bev="0" fileid="3" />
                <SequencePoint vc="0" uspid="29" ordinal="3" sl="29" sc="1" el="29" ec="2" bec="0" bev="0" fileid="3" />
              </SequencePoints>
              <BranchPoints />
              <MethodPoint vc="0" uspid="0" p8:type="SequencePoint" ordinal="3" offset="3" sc="0" sl="26" ec="1" el="29" bec="0" bev="0" fileid="3" xmlns:p8="xsi" />
            </Method>
          </Methods>
        </Class>
        <Class>
          <Summary numSequencePoints="0" visitedSequencePoints="0" numBranchPoints="2" visitedBranchPoints="0" sequenceCoverage="100" branchCoverage="0" maxCyclomaticComplexity="2" minCyclomaticComplexity="2" visitedClasses="0" numClasses="1" visitedMethods="0" numMethods="0" />
          <FullName>FinalProject.Startup/&lt;&gt;c/&lt;&lt;Configure&gt;b__5_0&gt;d</FullName>
          <Methods />
        </Class>
        <Class>
          <Summary numSequencePoints="1" visitedSequencePoints="0" numBranchPoints="0" visitedBranchPoints="0" sequenceCoverage="0" branchCoverage="100" maxCyclomaticComplexity="1" minCyclomaticComplexity="1" visitedClasses="0" numClasses="1" visitedMethods="0" numMethods="1" />
          <FullName>FinalProject.DTOs.StatusDTO</FullName>
          <Methods>
            <Method cyclomaticComplexity="1" nPathComplexity="1" sequenceCoverage="0" branchCoverage="100" isConstructor="False" isGetter="True" isSetter="False" isStatic="True">
              <Summary numSequencePoints="1" visitedSequencePoints="0" numBranchPoints="0" visitedBranchPoints="0" sequenceCoverage="0" branchCoverage="100" maxCyclomaticComplexity="1" minCyclomaticComplexity="1" visitedClasses="0" numClasses="0" visitedMethods="0" numMethods="1" />
              <MetadataToken />
              <Name>System.String FinalProject.DTOs.StatusDTO::get_status()</Name>
              <FileRef uid="4" />
              <SequencePoints>
                <SequencePoint vc="0" uspid="5" ordinal="0" sl="5" sc="1" el="5" ec="2" bec="0" bev="0" fileid="4" />
              </SequencePoints>
              <BranchPoints />
              <MethodPoint vc="0" uspid="0" p8:type="SequencePoint" ordinal="0" offset="0" sc="0" sl="5" ec="1" el="5" bec="0" bev="0" fileid="4" xmlns:p8="xsi" />
            </Method>
          </Methods>
        </Class>
        <Class>
          <Summary numSequencePoints="3" visitedSequencePoints="3" numBranchPoints="0" visitedBranchPoints="0" sequenceCoverage="100" branchCoverage="100" maxCyclomaticComplexity="1" minCyclomaticComplexity="1" visitedClasses="1" numClasses="1" visitedMethods="3" numMethods="3" />
          <FullName>FinalProject.DTOs.UserOperationDTO</FullName>
          <Methods>
            <Method cyclomaticComplexity="1" nPathComplexity="1" sequenceCoverage="100" branchCoverage="100" isConstructor="False" isGetter="True" isSetter="False" isStatic="True">
              <Summary numSequencePoints="1" visitedSequencePoints="1" numBranchPoints="0" visitedBranchPoints="0" sequenceCoverage="100" branchCoverage="100" maxCyclomaticComplexity="1" minCyclomaticComplexity="1" visitedClasses="0" numClasses="0" visitedMethods="1" numMethods="1" />
              <MetadataToken />
              <Name>System.Int32 FinalProject.DTOs.UserOperationDTO::get_user_id()</Name>
              <FileRef uid="5" />
              <SequencePoints>
                <SequencePoint vc="9" uspid="5" ordinal="0" sl="5" sc="1" el="5" ec="2" bec="0" bev="0" fileid="5" />
              </SequencePoints>
              <BranchPoints />
              <MethodPoint vc="1" uspid="0" p8:type="SequencePoint" ordinal="0" offset="0" sc="0" sl="5" ec="1" el="5" bec="0" bev="0" fileid="5" xmlns:p8="xsi" />
            </Method>
            <Method cyclomaticComplexity="1" nPathComplexity="1" sequenceCoverage="100" branchCoverage="100" isConstructor="False" isGetter="True" isSetter="False" isStatic="True">
              <Summary numSequencePoints="1" visitedSequencePoints="1" numBranchPoints="0" visitedBranchPoints="0" sequenceCoverage="100" branchCoverage="100" maxCyclomaticComplexity="1" minCyclomaticComplexity="1" visitedClasses="0" numClasses="0" visitedMethods="1" numMethods="1" />
              <MetadataToken />
              <Name>System.String FinalProject.DTOs.UserOperationDTO::get_operation_status()</Name>
              <FileRef uid="5" />
              <SequencePoints>
                <SequencePoint vc="9" uspid="6" ordinal="0" sl="6" sc="1" el="6" ec="2" bec="0" bev="0" fileid="5" />
              </SequencePoints>
              <BranchPoints />
              <MethodPoint vc="1" uspid="0" p8:type="SequencePoint" ordinal="1" offset="1" sc="0" sl="6" ec="1" el="6" bec="0" bev="0" fileid="5" xmlns:p8="xsi" />
            </Method>
            <Method cyclomaticComplexity="1" nPathComplexity="1" sequenceCoverage="100" branchCoverage="100" isConstructor="False" isGetter="True" isSetter="False" isStatic="True">
              <Summary numSequencePoints="1" visitedSequencePoints="1" numBranchPoints="0" visitedBranchPoints="0" sequenceCoverage="100" branchCoverage="100" maxCyclomaticComplexity="1" minCyclomaticComplexity="1" visitedClasses="0" numClasses="0" visitedMethods="1" numMethods="1" />
              <MetadataToken />
              <Name>System.String FinalProject.DTOs.UserOperationDTO::get_operation_type()</Name>
              <FileRef uid="5" />
              <SequencePoints>
                <SequencePoint vc="9" uspid="7" ordinal="0" sl="7" sc="1" el="7" ec="2" bec="0" bev="0" fileid="5" />
              </SequencePoints>
              <BranchPoints />
              <MethodPoint vc="1" uspid="0" p8:type="SequencePoint" ordinal="2" offset="2" sc="0" sl="7" ec="1" el="7" bec="0" bev="0" fileid="5" xmlns:p8="xsi" />
            </Method>
          </Methods>
        </Class>
        <Class>
          <Summary numSequencePoints="4" visitedSequencePoints="4" numBranchPoints="0" visitedBranchPoints="0" sequenceCoverage="100" branchCoverage="100" maxCyclomaticComplexity="1" minCyclomaticComplexity="1" visitedClasses="1" numClasses="1" visitedMethods="2" numMethods="2" />
          <FullName>FinalProject.DAL.AppDbContext</FullName>
          <Methods>
            <Method cyclomaticComplexity="1" nPathComplexity="1" sequenceCoverage="100" branchCoverage="100" isConstructor="False" isGetter="True" isSetter="False" isStatic="True">
              <Summary numSequencePoints="1" visitedSequencePoints="1" numBranchPoints="0" visitedBranchPoints="0" sequenceCoverage="100" branchCoverage="100" maxCyclomaticComplexity="1" minCyclomaticComplexity="1" visitedClasses="0" numClasses="0" visitedMethods="1" numMethods="1" />
              <MetadataToken />
              <Name>Microsoft.EntityFrameworkCore.DbSet`1&lt;FinalProject.DAL.Entities.User&gt; FinalProject.DAL.AppDbContext::get_Users()</Name>
              <FileRef uid="6" />
              <SequencePoints>
                <SequencePoint vc="27" uspid="13" ordinal="0" sl="13" sc="1" el="13" ec="2" bec="0" bev="0" fileid="6" />
              </SequencePoints>
              <BranchPoints />
              <MethodPoint vc="1" uspid="0" p8:type="SequencePoint" ordinal="0" offset="0" sc="0" sl="13" ec="1" el="13" bec="0" bev="0" fileid="6" xmlns:p8="xsi" />
            </Method>
            <Method cyclomaticComplexity="1" nPathComplexity="1" sequenceCoverage="100" branchCoverage="100" isConstructor="True" isGetter="False" isSetter="False" isStatic="True">
              <Summary numSequencePoints="3" visitedSequencePoints="3" numBranchPoints="0" visitedBranchPoints="0" sequenceCoverage="100" branchCoverage="100" maxCyclomaticComplexity="1" minCyclomaticComplexity="1" visitedClasses="0" numClasses="0" visitedMethods="1" numMethods="1" />
              <MetadataToken />
              <Name>System.Void FinalProject.DAL.AppDbContext::.ctor(Microsoft.EntityFrameworkCore.DbContextOptions`1&lt;FinalProject.DAL.AppDbContext&gt;)</Name>
              <FileRef uid="6" />
              <SequencePoints>
                <SequencePoint vc="11" uspid="8" ordinal="0" sl="8" sc="1" el="8" ec="2" bec="0" bev="0" fileid="6" />
                <SequencePoint vc="11" uspid="9" ordinal="1" sl="9" sc="1" el="9" ec="2" bec="0" bev="0" fileid="6" />
                <SequencePoint vc="11" uspid="11" ordinal="2" sl="11" sc="1" el="11" ec="2" bec="0" bev="0" fileid="6" />
              </SequencePoints>
              <BranchPoints />
              <MethodPoint vc="3" uspid="0" p8:type="SequencePoint" ordinal="1" offset="1" sc="0" sl="8" ec="1" el="11" bec="0" bev="0" fileid="6" xmlns:p8="xsi" />
            </Method>
          </Methods>
        </Class>
        <Class>
          <Summary numSequencePoints="3" visitedSequencePoints="3" numBranchPoints="0" visitedBranchPoints="0" sequenceCoverage="100" branchCoverage="100" maxCyclomaticComplexity="1" minCyclomaticComplexity="1" visitedClasses="1" numClasses="1" visitedMethods="3" numMethods="3" />
          <FullName>FinalProject.DAL.Entities.User</FullName>
          <Methods>
            <Method cyclomaticComplexity="1" nPathComplexity="1" sequenceCoverage="100" branchCoverage="100" isConstructor="False" isGetter="True" isSetter="False" isStatic="True">
              <Summary numSequencePoints="1" visitedSequencePoints="1" numBranchPoints="0" visitedBranchPoints="0" sequenceCoverage="100" branchCoverage="100" maxCyclomaticComplexity="1" minCyclomaticComplexity="1" visitedClasses="0" numClasses="0" visitedMethods="1" numMethods="1" />
              <MetadataToken />
              <Name>System.Int32 FinalProject.DAL.Entities.User::get_Id()</Name>
              <FileRef uid="7" />
              <SequencePoints>
                <SequencePoint vc="2" uspid="7" ordinal="0" sl="7" sc="1" el="7" ec="2" bec="0" bev="0" fileid="7" />
              </SequencePoints>
              <BranchPoints />
              <MethodPoint vc="1" uspid="0" p8:type="SequencePoint" ordinal="0" offset="0" sc="0" sl="7" ec="1" el="7" bec="0" bev="0" fileid="7" xmlns:p8="xsi" />
            </Method>
            <Method cyclomaticComplexity="1" nPathComplexity="1" sequenceCoverage="100" branchCoverage="100" isConstructor="False" isGetter="True" isSetter="False" isStatic="True">
              <Summary numSequencePoints="1" visitedSequencePoints="1" numBranchPoints="0" visitedBranchPoints="0" sequenceCoverage="100" branchCoverage="100" maxCyclomaticComplexity="1" minCyclomaticComplexity="1" visitedClasses="0" numClasses="0" visitedMethods="1" numMethods="1" />
              <MetadataToken />
              <Name>System.String FinalProject.DAL.Entities.User::get_Name()</Name>
              <FileRef uid="7" />
              <SequencePoints>
                <SequencePoint vc="14" uspid="8" ordinal="0" sl="8" sc="1" el="8" ec="2" bec="0" bev="0" fileid="7" />
              </SequencePoints>
              <BranchPoints />
              <MethodPoint vc="1" uspid="0" p8:type="SequencePoint" ordinal="1" offset="1" sc="0" sl="8" ec="1" el="8" bec="0" bev="0" fileid="7" xmlns:p8="xsi" />
            </Method>
            <Method cyclomaticComplexity="1" nPathComplexity="1" sequenceCoverage="100" branchCoverage="100" isConstructor="False" isGetter="True" isSetter="False" isStatic="True">
              <Summary numSequencePoints="1" visitedSequencePoints="1" numBranchPoints="0" visitedBranchPoints="0" sequenceCoverage="100" branchCoverage="100" maxCyclomaticComplexity="1" minCyclomaticComplexity="1" visitedClasses="0" numClasses="0" visitedMethods="1" numMethods="1" />
              <MetadataToken />
              <Name>System.String FinalProject.DAL.Entities.User::get_Phone()</Name>
              <FileRef uid="7" />
              <SequencePoints>
                <SequencePoint vc="14" uspid="9" ordinal="0" sl="9" sc="1" el="9" ec="2" bec="0" bev="0" fileid="7" />
              </SequencePoints>
              <BranchPoints />
              <MethodPoint vc="1" uspid="0" p8:type="SequencePoint" ordinal="2" offset="2" sc="0" sl="9" ec="1" el="9" bec="0" bev="0" fileid="7" xmlns:p8="xsi" />
            </Method>
          </Methods>
        </Class>
        <Class>
          <Summary numSequencePoints="4" visitedSequencePoints="0" numBranchPoints="0" visitedBranchPoints="0" sequenceCoverage="0" branchCoverage="100" maxCyclomaticComplexity="1" minCyclomaticComplexity="1" visitedClasses="0" numClasses="1" visitedMethods="0" numMethods="1" />
          <FullName>FinalProject.Controllers.SqlConnectionHealthCheck</FullName>
          <Methods>
            <Method cyclomaticComplexity="1" nPathComplexity="1" sequenceCoverage="0" branchCoverage="100" isConstructor="True" isGetter="False" isSetter="False" isStatic="True">
              <Summary numSequencePoints="4" visitedSequencePoints="0" numBranchPoints="0" visitedBranchPoints="0" sequenceCoverage="0" branchCoverage="100" maxCyclomaticComplexity="1" minCyclomaticComplexity="1" visitedClasses="0" numClasses="0" visitedMethods="0" numMethods="1" />
              <MetadataToken />
              <Name>System.Void FinalProject.Controllers.SqlConnectionHealthCheck::.ctor(Microsoft.Extensions.Configuration.IConfiguration)</Name>
              <FileRef uid="8" />
              <SequencePoints>
                <SequencePoint vc="0" uspid="24" ordinal="0" sl="24" sc="1" el="24" ec="2" bec="0" bev="0" fileid="8" />
                <SequencePoint vc="0" uspid="25" ordinal="1" sl="25" sc="1" el="25" ec="2" bec="0" bev="0" fileid="8" />
                <SequencePoint vc="0" uspid="26" ordinal="2" sl="26" sc="1" el="26" ec="2" bec="0" bev="0" fileid="8" />
                <SequencePoint vc="0" uspid="27" ordinal="3" sl="27" sc="1" el="27" ec="2" bec="0" bev="0" fileid="8" />
              </SequencePoints>
              <BranchPoints />
              <MethodPoint vc="0" uspid="0" p8:type="SequencePoint" ordinal="0" offset="0" sc="0" sl="24" ec="1" el="27" bec="0" bev="0" fileid="8" xmlns:p8="xsi" />
            </Method>
          </Methods>
        </Class>
        <Class>
          <Summary numSequencePoints="15" visitedSequencePoints="0" numBranchPoints="0" visitedBranchPoints="0" sequenceCoverage="0" branchCoverage="100" maxCyclomaticComplexity="1" minCyclomaticComplexity="1" visitedClasses="0" numClasses="1" visitedMethods="0" numMethods="1" />
          <FullName>FinalProject.Controllers.SqlConnectionHealthCheck/&lt;CheckHealthAsync&gt;d__2</FullName>
          <Methods>
            <Method cyclomaticComplexity="1" nPathComplexity="1" sequenceCoverage="0" branchCoverage="100" isConstructor="False" isGetter="False" isSetter="False" isStatic="True">
              <Summary numSequencePoints="15" visitedSequencePoints="0" numBranchPoints="0" visitedBranchPoints="0" sequenceCoverage="0" branchCoverage="100" maxCyclomaticComplexity="1" minCyclomaticComplexity="1" visitedClasses="0" numClasses="0" visitedMethods="0" numMethods="1" />
              <MetadataToken />
              <Name>System.Void FinalProject.Controllers.SqlConnectionHealthCheck/&lt;CheckHealthAsync&gt;d__2::MoveNext()</Name>
              <FileRef uid="8" />
              <SequencePoints>
                <SequencePoint vc="0" uspid="30" ordinal="0" sl="30" sc="1" el="30" ec="2" bec="0" bev="0" fileid="8" />
                <SequencePoint vc="0" uspid="31" ordinal="1" sl="31" sc="1" el="31" ec="2" bec="0" bev="0" fileid="8" />
                <SequencePoint vc="0" uspid="32" ordinal="2" sl="32" sc="1" el="32" ec="2" bec="0" bev="0" fileid="8" />
                <SequencePoint vc="0" uspid="34" ordinal="3" sl="34" sc="1" el="34" ec="2" bec="0" bev="0" fileid="8" />
                <SequencePoint vc="0" uspid="35" ordinal="4" sl="35" sc="1" el="35" ec="2" bec="0" bev="0" fileid="8" />
                <SequencePoint vc="0" uspid="36" ordinal="5" sl="36" sc="1" el="36" ec="2" bec="0" bev="0" fileid="8" />
                <SequencePoint vc="0" uspid="37" ordinal="6" sl="37" sc="1" el="37" ec="2" bec="0" bev="0" fileid="8" />
                <SequencePoint vc="0" uspid="38" ordinal="7" sl="38" sc="1" el="38" ec="2" bec="0" bev="0" fileid="8" />
                <SequencePoint vc="0" uspid="40" ordinal="8" sl="40" sc="1" el="40" ec="2" bec="0" bev="0" fileid="8" />
                <SequencePoint vc="0" uspid="41" ordinal="9" sl="41" sc="1" el="41" ec="2" bec="0" bev="0" fileid="8" />
                <SequencePoint vc="0" uspid="42" ordinal="10" sl="42" sc="1" el="42" ec="2" bec="0" bev="0" fileid="8" />
                <SequencePoint vc="0" uspid="43" ordinal="11" sl="43" sc="1" el="43" ec="2" bec="0" bev="0" fileid="8" />
                <SequencePoint vc="0" uspid="45" ordinal="12" sl="45" sc="1" el="45" ec="2" bec="0" bev="0" fileid="8" />
                <SequencePoint vc="0" uspid="46" ordinal="13" sl="46" sc="1" el="46" ec="2" bec="0" bev="0" fileid="8" />
                <SequencePoint vc="0" uspid="47" ordinal="14" sl="47" sc="1" el="47" ec="2" bec="0" bev="0" fileid="8" />
              </SequencePoints>
              <BranchPoints />
              <MethodPoint vc="0" uspid="0" p8:type="SequencePoint" ordinal="0" offset="0" sc="0" sl="30" ec="1" el="47" bec="0" bev="0" fileid="8" xmlns:p8="xsi" />
            </Method>
          </Methods>
        </Class>
        <Class>
          <Summary numSequencePoints="4" visitedSequencePoints="4" numBranchPoints="0" visitedBranchPoints="0" sequenceCoverage="100" branchCoverage="100" maxCyclomaticComplexity="1" minCyclomaticComplexity="1" visitedClasses="1" numClasses="1" visitedMethods="1" numMethods="1" />
          <FullName>FinalProject.Controllers.UserController</FullName>
          <Methods>
            <Method cyclomaticComplexity="1" nPathComplexity="1" sequenceCoverage="100" branchCoverage="100" isConstructor="True" isGetter="False" isSetter="False" isStatic="True">
              <Summary numSequencePoints="4" visitedSequencePoints="4" numBranchPoints="0" visitedBranchPoints="0" sequenceCoverage="100" branchCoverage="100" maxCyclomaticComplexity="1" minCyclomaticComplexity="1" visitedClasses="0" numClasses="0" visitedMethods="1" numMethods="1" />
              <MetadataToken />
              <Name>System.Void FinalProject.Controllers.UserController::.ctor(FinalProject.DAL.AppDbContext)</Name>
              <FileRef uid="9" />
              <SequencePoints>
                <SequencePoint vc="11" uspid="23" ordinal="0" sl="23" sc="1" el="23" ec="2" bec="0" bev="0" fileid="9" />
                <SequencePoint vc="11" uspid="24" ordinal="1" sl="24" sc="1" el="24" ec="2" bec="0" bev="0" fileid="9" />
                <SequencePoint vc="11" uspid="25" ordinal="2" sl="25" sc="1" el="25" ec="2" bec="0" bev="0" fileid="9" />
                <SequencePoint vc="11" uspid="26" ordinal="3" sl="26" sc="1" el="26" ec="2" bec="0" bev="0" fileid="9" />
              </SequencePoints>
              <BranchPoints />
              <MethodPoint vc="4" uspid="0" p8:type="SequencePoint" ordinal="0" offset="0" sc="0" sl="23" ec="1" el="26" bec="0" bev="0" fileid="9" xmlns:p8="xsi" />
            </Method>
          </Methods>
        </Class>
        <Class>
          <Summary numSequencePoints="27" visitedSequencePoints="19" numBranchPoints="4" visitedBranchPoints="3" sequenceCoverage="70.37" branchCoverage="75" maxCyclomaticComplexity="4" minCyclomaticComplexity="4" visitedClasses="1" numClasses="1" visitedMethods="1" numMethods="1" />
          <FullName>FinalProject.Controllers.UserController/&lt;Add&gt;d__4</FullName>
          <Methods>
            <Method cyclomaticComplexity="4" nPathComplexity="4" sequenceCoverage="70.37" branchCoverage="75" isConstructor="False" isGetter="False" isSetter="False" isStatic="True">
              <Summary numSequencePoints="27" visitedSequencePoints="19" numBranchPoints="4" visitedBranchPoints="3" sequenceCoverage="70.37" branchCoverage="75" maxCyclomaticComplexity="4" minCyclomaticComplexity="4" visitedClasses="0" numClasses="0" visitedMethods="1" numMethods="1" />
              <MetadataToken />
              <Name>System.Void FinalProject.Controllers.UserController/&lt;Add&gt;d__4::MoveNext()</Name>
              <FileRef uid="9" />
              <SequencePoints>
                <SequencePoint vc="2" uspid="80" ordinal="0" sl="80" sc="1" el="80" ec="2" bec="0" bev="0" fileid="9" />
                <SequencePoint vc="2" uspid="82" ordinal="1" sl="82" sc="1" el="82" ec="2" bec="0" bev="0" fileid="9" />
                <SequencePoint vc="2" uspid="83" ordinal="2" sl="83" sc="1" el="83" ec="2" bec="4" bev="3" fileid="9" />
                <SequencePoint vc="1" uspid="84" ordinal="3" sl="84" sc="1" el="84" ec="2" bec="0" bev="0" fileid="9" />
                <SequencePoint vc="1" uspid="85" ordinal="4" sl="85" sc="1" el="85" ec="2" bec="0" bev="0" fileid="9" />
                <SequencePoint vc="1" uspid="86" ordinal="5" sl="86" sc="1" el="86" ec="2" bec="0" bev="0" fileid="9" />
                <SequencePoint vc="1" uspid="87" ordinal="6" sl="87" sc="1" el="87" ec="2" bec="0" bev="0" fileid="9" />
                <SequencePoint vc="1" uspid="88" ordinal="7" sl="88" sc="1" el="88" ec="2" bec="0" bev="0" fileid="9" />
                <SequencePoint vc="1" uspid="89" ordinal="8" sl="89" sc="1" el="89" ec="2" bec="0" bev="0" fileid="9" />
                <SequencePoint vc="1" uspid="90" ordinal="9" sl="90" sc="1" el="90" ec="2" bec="0" bev="0" fileid="9" />
                <SequencePoint vc="1" uspid="92" ordinal="10" sl="92" sc="1" el="92" ec="2" bec="0" bev="0" fileid="9" />
                <SequencePoint vc="1" uspid="93" ordinal="11" sl="93" sc="1" el="93" ec="2" bec="0" bev="0" fileid="9" />
                <SequencePoint vc="1" uspid="95" ordinal="12" sl="95" sc="1" el="95" ec="2" bec="0" bev="0" fileid="9" />
                <SequencePoint vc="1" uspid="96" ordinal="13" sl="96" sc="1" el="96" ec="2" bec="0" bev="0" fileid="9" />
                <SequencePoint vc="1" uspid="97" ordinal="14" sl="97" sc="1" el="97" ec="2" bec="0" bev="0" fileid="9" />
                <SequencePoint vc="1" uspid="98" ordinal="15" sl="98" sc="1" el="98" ec="2" bec="0" bev="0" fileid="9" />
                <SequencePoint vc="1" uspid="99" ordinal="16" sl="99" sc="1" el="99" ec="2" bec="0" bev="0" fileid="9" />
                <SequencePoint vc="1" uspid="100" ordinal="17" sl="100" sc="1" el="100" ec="2" bec="0" bev="0" fileid="9" />
                <SequencePoint vc="0" uspid="104" ordinal="18" sl="104" sc="1" el="104" ec="2" bec="0" bev="0" fileid="9" />
                <SequencePoint vc="0" uspid="105" ordinal="19" sl="105" sc="1" el="105" ec="2" bec="0" bev="0" fileid="9" />
                <SequencePoint vc="0" uspid="107" ordinal="20" sl="107" sc="1" el="107" ec="2" bec="0" bev="0" fileid="9" />
                <SequencePoint vc="0" uspid="108" ordinal="21" sl="108" sc="1" el="108" ec="2" bec="0" bev="0" fileid="9" />
                <SequencePoint vc="0" uspid="109" ordinal="22" sl="109" sc="1" el="109" ec="2" bec="0" bev="0" fileid="9" />
                <SequencePoint vc="0" uspid="110" ordinal="23" sl="110" sc="1" el="110" ec="2" bec="0" bev="0" fileid="9" />
                <SequencePoint vc="0" uspid="111" ordinal="24" sl="111" sc="1" el="111" ec="2" bec="0" bev="0" fileid="9" />
                <SequencePoint vc="0" uspid="112" ordinal="25" sl="112" sc="1" el="112" ec="2" bec="0" bev="0" fileid="9" />
                <SequencePoint vc="2" uspid="114" ordinal="26" sl="114" sc="1" el="114" ec="2" bec="0" bev="0" fileid="9" />
              </SequencePoints>
              <BranchPoints>
                <BranchPoint vc="2" uspid="83" ordinal="0" path="0" offset="50" offsetend="52" sl="83" fileid="9" />
                <BranchPoint vc="0" uspid="83" ordinal="1" path="1" offset="50" offsetend="68" sl="83" fileid="9" />
                <BranchPoint vc="1" uspid="83" ordinal="2" path="0" offset="71" offsetend="73" sl="83" fileid="9" />
                <BranchPoint vc="1" uspid="83" ordinal="3" path="1" offset="71" offsetend="138" sl="83" fileid="9" />
              </BranchPoints>
              <MethodPoint vc="19" uspid="0" p8:type="SequencePoint" ordinal="0" offset="0" sc="0" sl="80" ec="1" el="114" bec="0" bev="0" fileid="9" xmlns:p8="xsi" />
            </Method>
          </Methods>
        </Class>
        <Class>
          <Summary numSequencePoints="28" visitedSequencePoints="21" numBranchPoints="2" visitedBranchPoints="1" sequenceCoverage="75" branchCoverage="50" maxCyclomaticComplexity="2" minCyclomaticComplexity="2" visitedClasses="1" numClasses="1" visitedMethods="1" numMethods="1" />
          <FullName>FinalProject.Controllers.UserController/&lt;Delete&gt;d__5</FullName>
          <Methods>
            <Method cyclomaticComplexity="2" nPathComplexity="2" sequenceCoverage="75" branchCoverage="50" isConstructor="False" isGetter="False" isSetter="False" isStatic="True">
              <Summary numSequencePoints="28" visitedSequencePoints="21" numBranchPoints="2" visitedBranchPoints="1" sequenceCoverage="75" branchCoverage="50" maxCyclomaticComplexity="2" minCyclomaticComplexity="2" visitedClasses="0" numClasses="0" visitedMethods="1" numMethods="1" />
              <MetadataToken />
              <Name>System.Void FinalProject.Controllers.UserController/&lt;Delete&gt;d__5::MoveNext()</Name>
              <FileRef uid="9" />
              <SequencePoints>
                <SequencePoint vc="2" uspid="119" ordinal="0" sl="119" sc="1" el="119" ec="2" bec="0" bev="0" fileid="9" />
                <SequencePoint vc="2" uspid="121" ordinal="1" sl="121" sc="1" el="121" ec="2" bec="0" bev="0" fileid="9" />
                <SequencePoint vc="2" uspid="122" ordinal="2" sl="122" sc="1" el="122" ec="2" bec="0" bev="0" fileid="9" />
                <SequencePoint vc="1" uspid="123" ordinal="3" sl="123" sc="1" el="123" ec="2" bec="2" bev="1" fileid="9" />
                <SequencePoint vc="0" uspid="124" ordinal="4" sl="124" sc="1" el="124" ec="2" bec="0" bev="0" fileid="9" />
                <SequencePoint vc="0" uspid="125" ordinal="5" sl="125" sc="1" el="125" ec="2" bec="0" bev="0" fileid="9" />
                <SequencePoint vc="0" uspid="126" ordinal="6" sl="126" sc="1" el="126" ec="2" bec="0" bev="0" fileid="9" />
                <SequencePoint vc="0" uspid="127" ordinal="7" sl="127" sc="1" el="127" ec="2" bec="0" bev="0" fileid="9" />
                <SequencePoint vc="0" uspid="128" ordinal="8" sl="128" sc="1" el="128" ec="2" bec="0" bev="0" fileid="9" />
                <SequencePoint vc="0" uspid="129" ordinal="9" sl="129" sc="1" el="129" ec="2" bec="0" bev="0" fileid="9" />
                <SequencePoint vc="0" uspid="130" ordinal="10" sl="130" sc="1" el="130" ec="2" bec="0" bev="0" fileid="9" />
                <SequencePoint vc="1" uspid="132" ordinal="11" sl="132" sc="1" el="132" ec="2" bec="0" bev="0" fileid="9" />
                <SequencePoint vc="1" uspid="133" ordinal="12" sl="133" sc="1" el="133" ec="2" bec="0" bev="0" fileid="9" />
                <SequencePoint vc="1" uspid="134" ordinal="13" sl="134" sc="1" el="134" ec="2" bec="0" bev="0" fileid="9" />
                <SequencePoint vc="1" uspid="135" ordinal="14" sl="135" sc="1" el="135" ec="2" bec="0" bev="0" fileid="9" />
                <SequencePoint vc="1" uspid="136" ordinal="15" sl="136" sc="1" el="136" ec="2" bec="0" bev="0" fileid="9" />
                <SequencePoint vc="1" uspid="137" ordinal="16" sl="137" sc="1" el="137" ec="2" bec="0" bev="0" fileid="9" />
                <SequencePoint vc="1" uspid="138" ordinal="17" sl="138" sc="1" el="138" ec="2" bec="0" bev="0" fileid="9" />
                <SequencePoint vc="1" uspid="139" ordinal="18" sl="139" sc="1" el="139" ec="2" bec="0" bev="0" fileid="9" />
                <SequencePoint vc="1" uspid="141" ordinal="19" sl="141" sc="1" el="141" ec="2" bec="0" bev="0" fileid="9" />
                <SequencePoint vc="1" uspid="142" ordinal="20" sl="142" sc="1" el="142" ec="2" bec="0" bev="0" fileid="9" />
                <SequencePoint vc="1" uspid="144" ordinal="21" sl="144" sc="1" el="144" ec="2" bec="0" bev="0" fileid="9" />
                <SequencePoint vc="1" uspid="145" ordinal="22" sl="145" sc="1" el="145" ec="2" bec="0" bev="0" fileid="9" />
                <SequencePoint vc="1" uspid="146" ordinal="23" sl="146" sc="1" el="146" ec="2" bec="0" bev="0" fileid="9" />
                <SequencePoint vc="1" uspid="147" ordinal="24" sl="147" sc="1" el="147" ec="2" bec="0" bev="0" fileid="9" />
                <SequencePoint vc="1" uspid="148" ordinal="25" sl="148" sc="1" el="148" ec="2" bec="0" bev="0" fileid="9" />
                <SequencePoint vc="1" uspid="149" ordinal="26" sl="149" sc="1" el="149" ec="2" bec="0" bev="0" fileid="9" />
                <SequencePoint vc="2" uspid="151" ordinal="27" sl="151" sc="1" el="151" ec="2" bec="0" bev="0" fileid="9" />
              </SequencePoints>
              <BranchPoints>
                <BranchPoint vc="0" uspid="123" ordinal="0" path="0" offset="324" offsetend="326" sl="123" fileid="9" />
                <BranchPoint vc="1" uspid="123" ordinal="1" path="1" offset="324" offsetend="391" sl="123" fileid="9" />
              </BranchPoints>
              <MethodPoint vc="21" uspid="0" p8:type="SequencePoint" ordinal="0" offset="0" sc="0" sl="119" ec="1" el="151" bec="0" bev="0" fileid="9" xmlns:p8="xsi" />
            </Method>
          </Methods>
        </Class>
        <Class>
          <Summary numSequencePoints="43" visitedSequencePoints="36" numBranchPoints="8" visitedBranchPoints="7" sequenceCoverage="83.72" branchCoverage="87.5" maxCyclomaticComplexity="8" minCyclomaticComplexity="8" visitedClasses="1" numClasses="1" visitedMethods="1" numMethods="1" />
          <FullName>FinalProject.Controllers.UserController/&lt;Edit&gt;d__6</FullName>
          <Methods>
            <Method cyclomaticComplexity="8" nPathComplexity="8" sequenceCoverage="83.72" branchCoverage="87.5" isConstructor="False" isGetter="False" isSetter="False" isStatic="True">
              <Summary numSequencePoints="43" visitedSequencePoints="36" numBranchPoints="8" visitedBranchPoints="7" sequenceCoverage="83.72" branchCoverage="87.5" maxCyclomaticComplexity="8" minCyclomaticComplexity="8" visitedClasses="0" numClasses="0" visitedMethods="1" numMethods="1" />
              <MetadataToken />
              <Name>System.Void FinalProject.Controllers.UserController/&lt;Edit&gt;d__6::MoveNext()</Name>
              <FileRef uid="9" />
              <SequencePoints>
                <SequencePoint vc="4" uspid="156" ordinal="0" sl="156" sc="1" el="156" ec="2" bec="0" bev="0" fileid="9" />
                <SequencePoint vc="4" uspid="158" ordinal="1" sl="158" sc="1" el="158" ec="2" bec="0" bev="0" fileid="9" />
                <SequencePoint vc="4" uspid="159" ordinal="2" sl="159" sc="1" el="159" ec="2" bec="0" bev="0" fileid="9" />
                <SequencePoint vc="3" uspid="160" ordinal="3" sl="160" sc="1" el="160" ec="2" bec="2" bev="1" fileid="9" />
                <SequencePoint vc="0" uspid="161" ordinal="4" sl="161" sc="1" el="161" ec="2" bec="0" bev="0" fileid="9" />
                <SequencePoint vc="0" uspid="162" ordinal="5" sl="162" sc="1" el="162" ec="2" bec="0" bev="0" fileid="9" />
                <SequencePoint vc="0" uspid="163" ordinal="6" sl="163" sc="1" el="163" ec="2" bec="0" bev="0" fileid="9" />
                <SequencePoint vc="0" uspid="164" ordinal="7" sl="164" sc="1" el="164" ec="2" bec="0" bev="0" fileid="9" />
                <SequencePoint vc="0" uspid="165" ordinal="8" sl="165" sc="1" el="165" ec="2" bec="0" bev="0" fileid="9" />
                <SequencePoint vc="0" uspid="166" ordinal="9" sl="166" sc="1" el="166" ec="2" bec="0" bev="0" fileid="9" />
                <SequencePoint vc="0" uspid="167" ordinal="10" sl="167" sc="1" el="167" ec="2" bec="0" bev="0" fileid="9" />
                <SequencePoint vc="3" uspid="169" ordinal="11" sl="169" sc="1" el="169" ec="2" bec="2" bev="2" fileid="9" />
                <SequencePoint vc="1" uspid="170" ordinal="12" sl="170" sc="1" el="170" ec="2" bec="0" bev="0" fileid="9" />
                <SequencePoint vc="1" uspid="171" ordinal="13" sl="171" sc="1" el="171" ec="2" bec="0" bev="0" fileid="9" />
                <SequencePoint vc="1" uspid="172" ordinal="14" sl="172" sc="1" el="172" ec="2" bec="0" bev="0" fileid="9" />
                <SequencePoint vc="1" uspid="173" ordinal="15" sl="173" sc="1" el="173" ec="2" bec="0" bev="0" fileid="9" />
                <SequencePoint vc="1" uspid="174" ordinal="16" sl="174" sc="1" el="174" ec="2" bec="0" bev="0" fileid="9" />
                <SequencePoint vc="1" uspid="175" ordinal="17" sl="175" sc="1" el="175" ec="2" bec="0" bev="0" fileid="9" />
                <SequencePoint vc="1" uspid="176" ordinal="18" sl="176" sc="1" el="176" ec="2" bec="0" bev="0" fileid="9" />
                <SequencePoint vc="2" uspid="178" ordinal="19" sl="178" sc="1" el="178" ec="2" bec="2" bev="2" fileid="9" />
                <SequencePoint vc="1" uspid="179" ordinal="20" sl="179" sc="1" el="179" ec="2" bec="0" bev="0" fileid="9" />
                <SequencePoint vc="1" uspid="180" ordinal="21" sl="180" sc="1" el="180" ec="2" bec="0" bev="0" fileid="9" />
                <SequencePoint vc="1" uspid="181" ordinal="22" sl="181" sc="1" el="181" ec="2" bec="0" bev="0" fileid="9" />
                <SequencePoint vc="2" uspid="182" ordinal="23" sl="182" sc="1" el="182" ec="2" bec="2" bev="2" fileid="9" />
                <SequencePoint vc="1" uspid="183" ordinal="24" sl="183" sc="1" el="183" ec="2" bec="0" bev="0" fileid="9" />
                <SequencePoint vc="1" uspid="184" ordinal="25" sl="184" sc="1" el="184" ec="2" bec="0" bev="0" fileid="9" />
                <SequencePoint vc="1" uspid="185" ordinal="26" sl="185" sc="1" el="185" ec="2" bec="0" bev="0" fileid="9" />
                <SequencePoint vc="2" uspid="186" ordinal="27" sl="186" sc="1" el="186" ec="2" bec="0" bev="0" fileid="9" />
                <SequencePoint vc="2" uspid="187" ordinal="28" sl="187" sc="1" el="187" ec="2" bec="0" bev="0" fileid="9" />
                <SequencePoint vc="2" uspid="188" ordinal="29" sl="188" sc="1" el="188" ec="2" bec="0" bev="0" fileid="9" />
                <SequencePoint vc="2" uspid="189" ordinal="30" sl="189" sc="1" el="189" ec="2" bec="0" bev="0" fileid="9" />
                <SequencePoint vc="2" uspid="190" ordinal="31" sl="190" sc="1" el="190" ec="2" bec="0" bev="0" fileid="9" />
                <SequencePoint vc="2" uspid="191" ordinal="32" sl="191" sc="1" el="191" ec="2" bec="0" bev="0" fileid="9" />
                <SequencePoint vc="2" uspid="192" ordinal="33" sl="192" sc="1" el="192" ec="2" bec="0" bev="0" fileid="9" />
                <SequencePoint vc="1" uspid="194" ordinal="34" sl="194" sc="1" el="194" ec="2" bec="0" bev="0" fileid="9" />
                <SequencePoint vc="1" uspid="195" ordinal="35" sl="195" sc="1" el="195" ec="2" bec="0" bev="0" fileid="9" />
                <SequencePoint vc="1" uspid="197" ordinal="36" sl="197" sc="1" el="197" ec="2" bec="0" bev="0" fileid="9" />
                <SequencePoint vc="1" uspid="198" ordinal="37" sl="198" sc="1" el="198" ec="2" bec="0" bev="0" fileid="9" />
                <SequencePoint vc="1" uspid="199" ordinal="38" sl="199" sc="1" el="199" ec="2" bec="0" bev="0" fileid="9" />
                <SequencePoint vc="1" uspid="200" ordinal="39" sl="200" sc="1" el="200" ec="2" bec="0" bev="0" fileid="9" />
                <SequencePoint vc="1" uspid="201" ordinal="40" sl="201" sc="1" el="201" ec="2" bec="0" bev="0" fileid="9" />
                <SequencePoint vc="1" uspid="202" ordinal="41" sl="202" sc="1" el="202" ec="2" bec="0" bev="0" fileid="9" />
                <SequencePoint vc="4" uspid="204" ordinal="42" sl="204" sc="1" el="204" ec="2" bec="0" bev="0" fileid="9" />
              </SequencePoints>
              <BranchPoints>
                <BranchPoint vc="0" uspid="160" ordinal="0" path="0" offset="324" offsetend="326" sl="160" fileid="9" />
                <BranchPoint vc="3" uspid="160" ordinal="1" path="1" offset="324" offsetend="391" sl="160" fileid="9" />
                <BranchPoint vc="1" uspid="169" ordinal="2" path="0" offset="404" offsetend="406" sl="169" fileid="9" />
                <BranchPoint vc="2" uspid="169" ordinal="3" path="1" offset="404" offsetend="471" sl="169" fileid="9" />
                <BranchPoint vc="1" uspid="178" ordinal="4" path="0" offset="489" offsetend="491" sl="178" fileid="9" />
                <BranchPoint vc="2" uspid="178" ordinal="5" path="1" offset="489" offsetend="516" sl="178" fileid="9" />
                <BranchPoint vc="1" uspid="182" ordinal="6" path="0" offset="534" offsetend="536" sl="182" fileid="9" />
                <BranchPoint vc="2" uspid="182" ordinal="7" path="1" offset="534" offsetend="561" sl="182" fileid="9" />
              </BranchPoints>
              <MethodPoint vc="36" uspid="0" p8:type="SequencePoint" ordinal="0" offset="0" sc="0" sl="156" ec="1" el="204" bec="0" bev="0" fileid="9" xmlns:p8="xsi" />
            </Method>
          </Methods>
        </Class>
        <Class>
          <Summary numSequencePoints="10" visitedSequencePoints="4" numBranchPoints="0" visitedBranchPoints="0" sequenceCoverage="40" branchCoverage="100" maxCyclomaticComplexity="1" minCyclomaticComplexity="1" visitedClasses="1" numClasses="1" visitedMethods="1" numMethods="1" />
          <FullName>FinalProject.Controllers.UserController/&lt;Get&gt;d__2</FullName>
          <Methods>
            <Method cyclomaticComplexity="1" nPathComplexity="1" sequenceCoverage="40" branchCoverage="100" isConstructor="False" isGetter="False" isSetter="False" isStatic="True">
              <Summary numSequencePoints="10" visitedSequencePoints="4" numBranchPoints="0" visitedBranchPoints="0" sequenceCoverage="40" branchCoverage="100" maxCyclomaticComplexity="1" minCyclomaticComplexity="1" visitedClasses="0" numClasses="0" visitedMethods="1" numMethods="1" />
              <MetadataToken />
              <Name>System.Void FinalProject.Controllers.UserController/&lt;Get&gt;d__2::MoveNext()</Name>
              <FileRef uid="9" />
              <SequencePoints>
                <SequencePoint vc="1" uspid="31" ordinal="0" sl="31" sc="1" el="31" ec="2" bec="0" bev="0" fileid="9" />
                <SequencePoint vc="1" uspid="33" ordinal="1" sl="33" sc="1" el="33" ec="2" bec="0" bev="0" fileid="9" />
                <SequencePoint vc="1" uspid="34" ordinal="2" sl="34" sc="1" el="34" ec="2" bec="0" bev="0" fileid="9" />
                <SequencePoint vc="0" uspid="36" ordinal="3" sl="36" sc="1" el="36" ec="2" bec="0" bev="0" fileid="9" />
                <SequencePoint vc="0" uspid="37" ordinal="4" sl="37" sc="1" el="37" ec="2" bec="0" bev="0" fileid="9" />
                <SequencePoint vc="0" uspid="38" ordinal="5" sl="38" sc="1" el="38" ec="2" bec="0" bev="0" fileid="9" />
                <SequencePoint vc="0" uspid="39" ordinal="6" sl="39" sc="1" el="39" ec="2" bec="0" bev="0" fileid="9" />
                <SequencePoint vc="0" uspid="40" ordinal="7" sl="40" sc="1" el="40" ec="2" bec="0" bev="0" fileid="9" />
                <SequencePoint vc="0" uspid="41" ordinal="8" sl="41" sc="1" el="41" ec="2" bec="0" bev="0" fileid="9" />
                <SequencePoint vc="1" uspid="44" ordinal="9" sl="44" sc="1" el="44" ec="2" bec="0" bev="0" fileid="9" />
              </SequencePoints>
              <BranchPoints />
              <MethodPoint vc="4" uspid="0" p8:type="SequencePoint" ordinal="0" offset="0" sc="0" sl="31" ec="1" el="44" bec="0" bev="0" fileid="9" xmlns:p8="xsi" />
            </Method>
          </Methods>
        </Class>
        <Class>
          <Summary numSequencePoints="21" visitedSequencePoints="14" numBranchPoints="2" visitedBranchPoints="1" sequenceCoverage="66.66" branchCoverage="50" maxCyclomaticComplexity="2" minCyclomaticComplexity="2" visitedClasses="1" numClasses="1" visitedMethods="1" numMethods="1" />
          <FullName>FinalProject.Controllers.UserController/&lt;GetSpecific&gt;d__3</FullName>
          <Methods>
            <Method cyclomaticComplexity="2" nPathComplexity="2" sequenceCoverage="66.66" branchCoverage="50" isConstructor="False" isGetter="False" isSetter="False" isStatic="True">
              <Summary numSequencePoints="21" visitedSequencePoints="14" numBranchPoints="2" visitedBranchPoints="1" sequenceCoverage="66.66" branchCoverage="50" maxCyclomaticComplexity="2" minCyclomaticComplexity="2" visitedClasses="0" numClasses="0" visitedMethods="1" numMethods="1" />
              <MetadataToken />
              <Name>System.Void FinalProject.Controllers.UserController/&lt;GetSpecific&gt;d__3::MoveNext()</Name>
              <FileRef uid="9" />
              <SequencePoints>
                <SequencePoint vc="2" uspid="49" ordinal="0" sl="49" sc="1" el="49" ec="2" bec="0" bev="0" fileid="9" />
                <SequencePoint vc="2" uspid="51" ordinal="1" sl="51" sc="1" el="51" ec="2" bec="0" bev="0" fileid="9" />
                <SequencePoint vc="2" uspid="52" ordinal="2" sl="52" sc="1" el="52" ec="2" bec="0" bev="0" fileid="9" />
                <SequencePoint vc="1" uspid="53" ordinal="3" sl="53" sc="1" el="53" ec="2" bec="2" bev="1" fileid="9" />
                <SequencePoint vc="0" uspid="54" ordinal="4" sl="54" sc="1" el="54" ec="2" bec="0" bev="0" fileid="9" />
                <SequencePoint vc="0" uspid="55" ordinal="5" sl="55" sc="1" el="55" ec="2" bec="0" bev="0" fileid="9" />
                <SequencePoint vc="0" uspid="56" ordinal="6" sl="56" sc="1" el="56" ec="2" bec="0" bev="0" fileid="9" />
                <SequencePoint vc="0" uspid="57" ordinal="7" sl="57" sc="1" el="57" ec="2" bec="0" bev="0" fileid="9" />
                <SequencePoint vc="0" uspid="58" ordinal="8" sl="58" sc="1" el="58" ec="2" bec="0" bev="0" fileid="9" />
                <SequencePoint vc="0" uspid="59" ordinal="9" sl="59" sc="1" el="59" ec="2" bec="0" bev="0" fileid="9" />
                <SequencePoint vc="0" uspid="60" ordinal="10" sl="60" sc="1" el="60" ec="2" bec="0" bev="0" fileid="9" />
                <SequencePoint vc="1" uspid="62" ordinal="11" sl="62" sc="1" el="62" ec="2" bec="0" bev="0" fileid="9" />
                <SequencePoint vc="1" uspid="64" ordinal="12" sl="64" sc="1" el="64" ec="2" bec="0" bev="0" fileid="9" />
                <SequencePoint vc="1" uspid="65" ordinal="13" sl="65" sc="1" el="65" ec="2" bec="0" bev="0" fileid="9" />
                <SequencePoint vc="1" uspid="67" ordinal="14" sl="67" sc="1" el="67" ec="2" bec="0" bev="0" fileid="9" />
                <SequencePoint vc="1" uspid="68" ordinal="15" sl="68" sc="1" el="68" ec="2" bec="0" bev="0" fileid="9" />
                <SequencePoint vc="1" uspid="69" ordinal="16" sl="69" sc="1" el="69" ec="2" bec="0" bev="0" fileid="9" />
                <SequencePoint vc="1" uspid="70" ordinal="17" sl="70" sc="1" el="70" ec="2" bec="0" bev="0" fileid="9" />
                <SequencePoint vc="1" uspid="71" ordinal="18" sl="71" sc="1" el="71" ec="2" bec="0" bev="0" fileid="9" />
                <SequencePoint vc="1" uspid="72" ordinal="19" sl="72" sc="1" el="72" ec="2" bec="0" bev="0" fileid="9" />
                <SequencePoint vc="2" uspid="75" ordinal="20" sl="75" sc="1" el="75" ec="2" bec="0" bev="0" fileid="9" />
              </SequencePoints>
              <BranchPoints>
                <BranchPoint vc="0" uspid="53" ordinal="0" path="0" offset="312" offsetend="314" sl="53" fileid="9" />
                <BranchPoint vc="1" uspid="53" ordinal="1" path="1" offset="312" offsetend="376" sl="53" fileid="9" />
              </BranchPoints>
              <MethodPoint vc="14" uspid="0" p8:type="SequencePoint" ordinal="0" offset="0" sc="0" sl="49" ec="1" el="75" bec="0" bev="0" fileid="9" xmlns:p8="xsi" />
            </Method>
          </Methods>
        </Class>
      </Classes>
    </Module>
  </Modules>
</CoverageSession>